2022-Feb-21 15:54:07 Наличие необходимых модулей php (check_php_modules): Ok
Все необходимые модули установлены
2022-Feb-21 15:54:07 Обязательные параметры PHP (check_php_settings): Ok
Настройки правильные
2022-Feb-21 15:54:07 Модули веб-сервера (check_security): Ok
Конфликтов не выявлено
2022-Feb-21 15:54:08 Значения переменных сервера (check_server_vars): Ok
Корректные
2022-Feb-21 15:54:08 Сохранение сессии (check_session): Ok
50% done
2022-Feb-21 15:54:08 Сохранение сессии (check_session): Ok
Успешно
2022-Feb-21 15:54:08 Параметры настройки UTF (mbstring и константа BX_UTF) (check_mbstring): Ok
Правильные. Сайт работает в UTF кодировке
2022-Feb-21 15:54:09 Служебные скрипты в корне сайта (check_install_scripts): Ok
Отсутствуют
2022-Feb-21 15:54:10 Работа с сокетами (check_socket): Ok
Connection to ssl://teploten.ru:443	Success

Успешно
2022-Feb-21 15:54:10 Выполнение агентов на cron (check_bx_crontab): Ok
Успешно
2022-Feb-21 15:54:11 Параметры подключения к базе данных (check_dbconn_settings): Ok
Успешно
2022-Feb-21 15:54:11 Лишний вывод в файлах конфигурации (check_dbconn): Ok
Connection to ssl://teploten.ru:443	Success

Успешно
2022-Feb-21 15:54:12 Сохранение сессии без UserAgent (check_session_ua): Ok
50% done
Connection to ssl://teploten.ru:443	Success

2022-Feb-21 15:54:12 Сохранение сессии без UserAgent (check_session_ua): Ok
Connection to ssl://teploten.ru:443	Success

Успешно
2022-Feb-21 15:54:13 Настройки сайтов (check_sites): Ok
Правильные
2022-Feb-21 15:54:13 Передача объектов по ссылке (check_clone): Ok
Успешно
2022-Feb-21 15:54:14 Размер стека и pcre.recursion_limit (check_pcre_recursion): Ok
Connection to ssl://teploten.ru:443	Success

Успешно
2022-Feb-21 15:54:15 Загрузка файла (check_upload): Ok
Connection to ssl://teploten.ru:443	Success

Успешно
2022-Feb-21 15:54:16 Загрузка файла больше 4Мб (check_upload_big): Ok
Connection to ssl://teploten.ru:443	Success

Успешно
2022-Feb-21 15:54:16 Загрузка файла через php://input (check_upload_raw): Ok
Connection to ssl://teploten.ru:443	Success

Успешно
2022-Feb-21 15:54:16 Передача POST запроса с большим числом параметров (check_post): Ok
Connection to ssl://teploten.ru:443	Success

Успешно
2022-Feb-21 15:54:18 Отправка почты (check_mail): Ok
Успешно
2022-Feb-21 15:54:19 Отправка почтового сообщения больше 64Кб (check_mail_big): Ok
Успешно
2022-Feb-21 15:54:20 Проверка на наличие неотправленных сообщений (check_mail_b_event): Ok
Успешно
2022-Feb-21 15:54:21 Внутреннее перенаправление (функция LocalRedirect) (check_localredirect): Ok
50% done
Connection to ssl://teploten.ru:443	Success

2022-Feb-21 15:54:21 Внутреннее перенаправление (функция LocalRedirect) (check_localredirect): Ok
Connection to ssl://teploten.ru:443	Success

Успешно
2022-Feb-21 15:54:22 Фактическое ограничение памяти (check_memory_limit): Ok
20% done
Connection to ssl://teploten.ru:443	Success

2022-Feb-21 15:54:22 Фактическое ограничение памяти (check_memory_limit): Ok
40% done
Connection to ssl://teploten.ru:443	Success

2022-Feb-21 15:54:24 Фактическое ограничение памяти (check_memory_limit): Ok
60% done
Connection to ssl://teploten.ru:443	Success

2022-Feb-21 15:54:24 Фактическое ограничение памяти (check_memory_limit): Ok
80% done
Connection to ssl://teploten.ru:443	Success

2022-Feb-21 15:54:25 Фактическое ограничение памяти (check_memory_limit): Ok
Connection to ssl://teploten.ru:443	Success

Не менее 256 М
2022-Feb-21 15:54:25 Работа с файлами кеша (check_cache): Ok
Успешно
2022-Feb-21 15:54:25 Доступ к серверу обновлений (check_update): Ok
Успешно
2022-Feb-21 15:54:26 HTTP авторизация (check_http_auth): Ok
Connection to ssl://teploten.ru:443	Success

Успешно
2022-Feb-21 15:54:26 Создание и запуск файла (check_exec): Ok
Connection to ssl://teploten.ru:443	Success

Успешно
2022-Feb-21 15:54:26 Функция getimagesize для swf (check_getimagesize): Ok
Успешно
2022-Feb-21 15:54:26 Версия MySQL-сервера (check_mysql_bug_version): Ok
Успешно
2022-Feb-21 15:54:27 Время на БД и веб-сервере (check_mysql_time): Ok
Успешно
2022-Feb-21 15:54:27 Режим работы MySQL (check_mysql_mode): Ok
Успешно
2022-Feb-21 15:54:27 Кодировка соединения (check_mysql_connection_charset): Ok
character_set_connection=utf8, collation_connection=utf8_unicode_ci, character_set_results=utf8
Успешно
2022-Feb-21 15:54:27 Кодировка базы данных (check_mysql_db_charset): Ok
CHARSET=utf8, COLLATION=utf8_unicode_ci
Успешно
2022-Feb-21 15:54:27 Кодировки таблиц в БД (check_mysql_table_charset): Ok
Успешно
2022-Feb-21 15:54:27 Структура базы данных (check_mysql_table_structure): Ok
0% done
2022-Feb-21 15:54:28 Структура базы данных (check_mysql_table_structure): Ok
2% done
2022-Feb-21 15:54:29 Структура базы данных (check_mysql_table_structure): Ok
5% done
2022-Feb-21 15:54:29 Структура базы данных (check_mysql_table_structure): Ok
8% done
2022-Feb-21 15:54:29 Структура базы данных (check_mysql_table_structure): Ok
11% done
2022-Feb-21 15:54:30 Структура базы данных (check_mysql_table_structure): Ok
14% done
2022-Feb-21 15:54:30 Структура базы данных (check_mysql_table_structure): Ok
17% done
2022-Feb-21 15:54:30 Структура базы данных (check_mysql_table_structure): Ok
20% done
2022-Feb-21 15:54:32 Структура базы данных (check_mysql_table_structure): Ok
22% done
2022-Feb-21 15:54:32 Структура базы данных (check_mysql_table_structure): Ok
25% done
2022-Feb-21 15:54:33 Структура базы данных (check_mysql_table_structure): Ok
28% done
2022-Feb-21 15:54:33 Структура базы данных (check_mysql_table_structure): Ok
31% done
2022-Feb-21 15:54:34 Структура базы данных (check_mysql_table_structure): Ok
34% done
2022-Feb-21 15:54:34 Структура базы данных (check_mysql_table_structure): Ok
37% done
2022-Feb-21 15:54:34 Структура базы данных (check_mysql_table_structure): Ok
40% done
2022-Feb-21 15:54:35 Структура базы данных (check_mysql_table_structure): Ok
42% done
2022-Feb-21 15:54:35 Структура базы данных (check_mysql_table_structure): Ok
45% done
2022-Feb-21 15:54:35 Структура базы данных (check_mysql_table_structure): Ok
48% done
2022-Feb-21 15:54:36 Структура базы данных (check_mysql_table_structure): Ok
51% done
2022-Feb-21 15:54:36 Структура базы данных (check_mysql_table_structure): Ok
54% done
2022-Feb-21 15:54:36 Структура базы данных (check_mysql_table_structure): Ok
57% done
2022-Feb-21 15:54:36 Структура базы данных (check_mysql_table_structure): Ok
60% done
2022-Feb-21 15:54:36 Структура базы данных (check_mysql_table_structure): Ok
62% done
2022-Feb-21 15:54:36 Структура базы данных (check_mysql_table_structure): Ok
65% done
2022-Feb-21 15:54:37 Структура базы данных (check_mysql_table_structure): Ok
68% done
2022-Feb-21 15:54:37 Структура базы данных (check_mysql_table_structure): Ok
71% done
2022-Feb-21 15:54:37 Структура базы данных (check_mysql_table_structure): Ok
74% done
2022-Feb-21 15:54:37 Структура базы данных (check_mysql_table_structure): Ok
77% done
2022-Feb-21 15:54:37 Структура базы данных (check_mysql_table_structure): Ok
80% done
2022-Feb-21 15:54:38 Структура базы данных (check_mysql_table_structure): Ok
82% done
2022-Feb-21 15:54:38 Структура базы данных (check_mysql_table_structure): Ok
85% done
2022-Feb-21 15:54:38 Структура базы данных (check_mysql_table_structure): Ok
88% done
2022-Feb-21 15:54:40 Структура базы данных (check_mysql_table_structure): Ok
91% done
2022-Feb-21 15:54:40 Структура базы данных (check_mysql_table_structure): Ok
94% done
2022-Feb-21 15:54:41 Структура базы данных (check_mysql_table_structure): Ok
97% done
2022-Feb-21 15:54:42 Структура базы данных (check_mysql_table_structure): Ok
Успешно
